  Point.cpp
  Generating Code...
  Compiling...
  main.cpp
c:\users\janus\documents\visual studio 2015\projects\odbicie\odbicie\vector.h(5): error C2061: syntax error: identifier 'Point'
c:\users\janus\documents\visual studio 2015\projects\odbicie\odbicie\vector.h(18): error C2143: syntax error: missing ';' before '*'
c:\users\janus\documents\visual studio 2015\projects\odbicie\odbicie\vector.h(18): error C4430: missing type specifier - int assumed. Note: C++ does not support default-int
c:\users\janus\documents\visual studio 2015\projects\odbicie\odbicie\vector.h(18): error C2238: unexpected token(s) preceding ';'
c:\users\janus\documents\visual studio 2015\projects\odbicie\odbicie\vector.h(6): error C2039: 'end': is not a member of 'Vector'
  c:\users\janus\documents\visual studio 2015\projects\odbicie\odbicie\vector.h(3): note: see declaration of 'Vector'
c:\users\janus\documents\visual studio 2015\projects\odbicie\odbicie\vector.h(6): error C2065: 'end': undeclared identifier
c:\users\janus\documents\visual studio 2015\projects\odbicie\odbicie\vector.h(7): error C2039: 'end': is not a member of 'Vector'
  c:\users\janus\documents\visual studio 2015\projects\odbicie\odbicie\vector.h(3): note: see declaration of 'Vector'
c:\users\janus\documents\visual studio 2015\projects\odbicie\odbicie\vector.h(7): error C2227: left of '->getX' must point to class/struct/union/generic type
c:\users\janus\documents\visual studio 2015\projects\odbicie\odbicie\vector.h(7): error C2227: left of '->getY' must point to class/struct/union/generic type
c:\users\janus\documents\visual studio 2015\projects\odbicie\odbicie\vector.h(7): error C2227: left of '->getZ' must point to class/struct/union/generic type
c:\users\janus\documents\visual studio 2015\projects\odbicie\odbicie\vector.h(11): error C2061: syntax error: identifier 'Point'
c:\users\janus\documents\visual studio 2015\projects\odbicie\odbicie\vector.h(11): error C2039: 'end': is not a member of 'Vector'
  c:\users\janus\documents\visual studio 2015\projects\odbicie\odbicie\vector.h(3): note: see declaration of 'Vector'
c:\users\janus\documents\visual studio 2015\projects\odbicie\odbicie\vector.h(11): error C2227: left of '->getX' must point to class/struct/union/generic type
c:\users\janus\documents\visual studio 2015\projects\odbicie\odbicie\vector.h(11): error C2065: 'end': undeclared identifier
c:\users\janus\documents\visual studio 2015\projects\odbicie\odbicie\vector.h(11): error C2227: left of '->getY' must point to class/struct/union/generic type
  c:\users\janus\documents\visual studio 2015\projects\odbicie\odbicie\vector.h(11): note: type is 'unknown-type'
c:\users\janus\documents\visual studio 2015\projects\odbicie\odbicie\vector.h(11): error C2227: left of '->getZ' must point to class/struct/union/generic type
  c:\users\janus\documents\visual studio 2015\projects\odbicie\odbicie\vector.h(11): note: type is 'unknown-type'
c:\users\janus\documents\visual studio 2015\projects\odbicie\odbicie\vector.h(11): error C2143: syntax error: missing ';' before ')'
c:\users\janus\documents\visual studio 2015\projects\odbicie\odbicie\vector.h(11): error C2059: syntax error: ')'
c:\users\janus\documents\visual studio 2015\projects\odbicie\odbicie\main.cpp(9): error C2664: 'Vector::Vector(Vector &&)': cannot convert argument 1 from 'Point *' to 'const Vector &'
  c:\users\janus\documents\visual studio 2015\projects\odbicie\odbicie\main.cpp(9): note: Reason: cannot convert from 'Point *' to 'const Vector'
  c:\users\janus\documents\visual studio 2015\projects\odbicie\odbicie\main.cpp(9): note: No constructor could take the source type, or constructor overload resolution was ambiguous
c:\users\janus\documents\visual studio 2015\projects\odbicie\odbicie\main.cpp(10): error C2664: 'Vector::Vector(Vector &&)': cannot convert argument 1 from 'Point *' to 'const Vector &'
  c:\users\janus\documents\visual studio 2015\projects\odbicie\odbicie\main.cpp(10): note: Reason: cannot convert from 'Point *' to 'const Vector'
  c:\users\janus\documents\visual studio 2015\projects\odbicie\odbicie\main.cpp(10): note: No constructor could take the source type, or constructor overload resolution was ambiguous
  Generating Code...
